<?xml version="1.0" encoding="UTF-8"?>
<testsuite xmlns:xsi="http://www.w3.org/2001/XMLSchema-instance" xsi:noNamespaceSchemaLocation="https://maven.apache.org/surefire/maven-surefire-plugin/xsd/surefire-test-report.xsd" name="com.yonyou.SpringBootConfig01ApplicationTests" time="7.854" tests="1" errors="0" skipped="0" failures="0">
  <properties>
    <property name="sun.desktop" value="windows"/>
    <property name="awt.toolkit" value="sun.awt.windows.WToolkit"/>
    <property name="file.encoding.pkg" value="sun.io"/>
    <property name="java.specification.version" value="1.8"/>
    <property name="sun.cpu.isalist" value="amd64"/>
    <property name="sun.jnu.encoding" value="GBK"/>
    <property name="java.class.path" value="E:\springboot\spring-boot-config-01\target\test-classes;E:\springboot\spring-boot-config-01\target\classes;E:\springboot\repo\org\springframework\boot\spring-boot-starter-web\2.0.2.RELEASE\spring-boot-starter-web-2.0.2.RELEASE.jar;E:\springboot\repo\org\springframework\boot\spring-boot-starter\2.0.2.RELEASE\spring-boot-starter-2.0.2.RELEASE.jar;E:\springboot\repo\org\springframework\boot\spring-boot\2.0.2.RELEASE\spring-boot-2.0.2.RELEASE.jar;E:\springboot\repo\org\springframework\boot\spring-boot-autoconfigure\2.0.2.RELEASE\spring-boot-autoconfigure-2.0.2.RELEASE.jar;E:\springboot\repo\org\springframework\boot\spring-boot-starter-logging\2.0.2.RELEASE\spring-boot-starter-logging-2.0.2.RELEASE.jar;E:\springboot\repo\ch\qos\logback\logback-classic\1.2.3\logback-classic-1.2.3.jar;E:\springboot\repo\ch\qos\logback\logback-core\1.2.3\logback-core-1.2.3.jar;E:\springboot\repo\org\apache\logging\log4j\log4j-to-slf4j\2.10.0\log4j-to-slf4j-2.10.0.jar;E:\springboot\repo\org\apache\logging\log4j\log4j-api\2.10.0\log4j-api-2.10.0.jar;E:\springboot\repo\org\slf4j\jul-to-slf4j\1.7.25\jul-to-slf4j-1.7.25.jar;E:\springboot\repo\javax\annotation\javax.annotation-api\1.3.2\javax.annotation-api-1.3.2.jar;E:\springboot\repo\org\yaml\snakeyaml\1.19\snakeyaml-1.19.jar;E:\springboot\repo\org\springframework\boot\spring-boot-starter-json\2.0.2.RELEASE\spring-boot-starter-json-2.0.2.RELEASE.jar;E:\springboot\repo\com\fasterxml\jackson\core\jackson-databind\2.9.5\jackson-databind-2.9.5.jar;E:\springboot\repo\com\fasterxml\jackson\core\jackson-annotations\2.9.0\jackson-annotations-2.9.0.jar;E:\springboot\repo\com\fasterxml\jackson\core\jackson-core\2.9.5\jackson-core-2.9.5.jar;E:\springboot\repo\com\fasterxml\jackson\datatype\jackson-datatype-jdk8\2.9.5\jackson-datatype-jdk8-2.9.5.jar;E:\springboot\repo\com\fasterxml\jackson\datatype\jackson-datatype-jsr310\2.9.5\jackson-datatype-jsr310-2.9.5.jar;E:\springboot\repo\com\fasterxml\jackson\module\jackson-module-parameter-names\2.9.5\jackson-module-parameter-names-2.9.5.jar;E:\springboot\repo\org\springframework\boot\spring-boot-starter-tomcat\2.0.2.RELEASE\spring-boot-starter-tomcat-2.0.2.RELEASE.jar;E:\springboot\repo\org\apache\tomcat\embed\tomcat-embed-core\8.5.31\tomcat-embed-core-8.5.31.jar;E:\springboot\repo\org\apache\tomcat\embed\tomcat-embed-el\8.5.31\tomcat-embed-el-8.5.31.jar;E:\springboot\repo\org\apache\tomcat\embed\tomcat-embed-websocket\8.5.31\tomcat-embed-websocket-8.5.31.jar;E:\springboot\repo\org\hibernate\validator\hibernate-validator\6.0.9.Final\hibernate-validator-6.0.9.Final.jar;E:\springboot\repo\javax\validation\validation-api\2.0.1.Final\validation-api-2.0.1.Final.jar;E:\springboot\repo\org\jboss\logging\jboss-logging\3.3.2.Final\jboss-logging-3.3.2.Final.jar;E:\springboot\repo\com\fasterxml\classmate\1.3.4\classmate-1.3.4.jar;E:\springboot\repo\org\springframework\spring-web\5.0.6.RELEASE\spring-web-5.0.6.RELEASE.jar;E:\springboot\repo\org\springframework\spring-beans\5.0.6.RELEASE\spring-beans-5.0.6.RELEASE.jar;E:\springboot\repo\org\springframework\spring-webmvc\5.0.6.RELEASE\spring-webmvc-5.0.6.RELEASE.jar;E:\springboot\repo\org\springframework\spring-aop\5.0.6.RELEASE\spring-aop-5.0.6.RELEASE.jar;E:\springboot\repo\org\springframework\spring-context\5.0.6.RELEASE\spring-context-5.0.6.RELEASE.jar;E:\springboot\repo\org\springframework\spring-expression\5.0.6.RELEASE\spring-expression-5.0.6.RELEASE.jar;E:\springboot\repo\org\springframework\boot\spring-boot-starter-test\2.0.2.RELEASE\spring-boot-starter-test-2.0.2.RELEASE.jar;E:\springboot\repo\org\springframework\boot\spring-boot-test\2.0.2.RELEASE\spring-boot-test-2.0.2.RELEASE.jar;E:\springboot\repo\org\springframework\boot\spring-boot-test-autoconfigure\2.0.2.RELEASE\spring-boot-test-autoconfigure-2.0.2.RELEASE.jar;E:\springboot\repo\com\jayway\jsonpath\json-path\2.4.0\json-path-2.4.0.jar;E:\springboot\repo\net\minidev\json-smart\2.3\json-smart-2.3.jar;E:\springboot\repo\net\minidev\accessors-smart\1.2\accessors-smart-1.2.jar;E:\springboot\repo\org\ow2\asm\asm\5.0.4\asm-5.0.4.jar;E:\springboot\repo\org\slf4j\slf4j-api\1.7.25\slf4j-api-1.7.25.jar;E:\springboot\repo\junit\junit\4.12\junit-4.12.jar;E:\springboot\repo\org\assertj\assertj-core\3.9.1\assertj-core-3.9.1.jar;E:\springboot\repo\org\mockito\mockito-core\2.15.0\mockito-core-2.15.0.jar;E:\springboot\repo\net\bytebuddy\byte-buddy\1.7.11\byte-buddy-1.7.11.jar;E:\springboot\repo\net\bytebuddy\byte-buddy-agent\1.7.11\byte-buddy-agent-1.7.11.jar;E:\springboot\repo\org\objenesis\objenesis\2.6\objenesis-2.6.jar;E:\springboot\repo\org\hamcrest\hamcrest-core\1.3\hamcrest-core-1.3.jar;E:\springboot\repo\org\hamcrest\hamcrest-library\1.3\hamcrest-library-1.3.jar;E:\springboot\repo\org\skyscreamer\jsonassert\1.5.0\jsonassert-1.5.0.jar;E:\springboot\repo\com\vaadin\external\google\android-json\0.0.20131108.vaadin1\android-json-0.0.20131108.vaadin1.jar;E:\springboot\repo\org\springframework\spring-core\5.0.6.RELEASE\spring-core-5.0.6.RELEASE.jar;E:\springboot\repo\org\springframework\spring-jcl\5.0.6.RELEASE\spring-jcl-5.0.6.RELEASE.jar;E:\springboot\repo\org\springframework\spring-test\5.0.6.RELEASE\spring-test-5.0.6.RELEASE.jar;E:\springboot\repo\org\xmlunit\xmlunit-core\2.5.1\xmlunit-core-2.5.1.jar;"/>
    <property name="java.vm.vendor" value="Oracle Corporation"/>
    <property name="sun.arch.data.model" value="64"/>
    <property name="user.variant" value=""/>
    <property name="java.vendor.url" value="http://java.oracle.com/"/>
    <property name="user.timezone" value=""/>
    <property name="java.vm.specification.version" value="1.8"/>
    <property name="os.name" value="Windows 7"/>
    <property name="user.country" value="CN"/>
    <property name="sun.java.launcher" value="SUN_STANDARD"/>
    <property name="sun.boot.library.path" value="D:\developtools\jdk1.8.0_102\jre\bin"/>
    <property name="sun.java.command" value="C:\Users\ADMINI~1\AppData\Local\Temp\surefire4696148545840574933\surefirebooter5549933453267553727.jar C:\Users\Administrator\AppData\Local\Temp\surefire4696148545840574933 2018-06-06T22-32-24_649-jvmRun1 surefire6469858071698473789tmp surefire_0440884466398862751tmp"/>
    <property name="surefire.test.class.path" value="E:\springboot\spring-boot-config-01\target\test-classes;E:\springboot\spring-boot-config-01\target\classes;E:\springboot\repo\org\springframework\boot\spring-boot-starter-web\2.0.2.RELEASE\spring-boot-starter-web-2.0.2.RELEASE.jar;E:\springboot\repo\org\springframework\boot\spring-boot-starter\2.0.2.RELEASE\spring-boot-starter-2.0.2.RELEASE.jar;E:\springboot\repo\org\springframework\boot\spring-boot\2.0.2.RELEASE\spring-boot-2.0.2.RELEASE.jar;E:\springboot\repo\org\springframework\boot\spring-boot-autoconfigure\2.0.2.RELEASE\spring-boot-autoconfigure-2.0.2.RELEASE.jar;E:\springboot\repo\org\springframework\boot\spring-boot-starter-logging\2.0.2.RELEASE\spring-boot-starter-logging-2.0.2.RELEASE.jar;E:\springboot\repo\ch\qos\logback\logback-classic\1.2.3\logback-classic-1.2.3.jar;E:\springboot\repo\ch\qos\logback\logback-core\1.2.3\logback-core-1.2.3.jar;E:\springboot\repo\org\apache\logging\log4j\log4j-to-slf4j\2.10.0\log4j-to-slf4j-2.10.0.jar;E:\springboot\repo\org\apache\logging\log4j\log4j-api\2.10.0\log4j-api-2.10.0.jar;E:\springboot\repo\org\slf4j\jul-to-slf4j\1.7.25\jul-to-slf4j-1.7.25.jar;E:\springboot\repo\javax\annotation\javax.annotation-api\1.3.2\javax.annotation-api-1.3.2.jar;E:\springboot\repo\org\yaml\snakeyaml\1.19\snakeyaml-1.19.jar;E:\springboot\repo\org\springframework\boot\spring-boot-starter-json\2.0.2.RELEASE\spring-boot-starter-json-2.0.2.RELEASE.jar;E:\springboot\repo\com\fasterxml\jackson\core\jackson-databind\2.9.5\jackson-databind-2.9.5.jar;E:\springboot\repo\com\fasterxml\jackson\core\jackson-annotations\2.9.0\jackson-annotations-2.9.0.jar;E:\springboot\repo\com\fasterxml\jackson\core\jackson-core\2.9.5\jackson-core-2.9.5.jar;E:\springboot\repo\com\fasterxml\jackson\datatype\jackson-datatype-jdk8\2.9.5\jackson-datatype-jdk8-2.9.5.jar;E:\springboot\repo\com\fasterxml\jackson\datatype\jackson-datatype-jsr310\2.9.5\jackson-datatype-jsr310-2.9.5.jar;E:\springboot\repo\com\fasterxml\jackson\module\jackson-module-parameter-names\2.9.5\jackson-module-parameter-names-2.9.5.jar;E:\springboot\repo\org\springframework\boot\spring-boot-starter-tomcat\2.0.2.RELEASE\spring-boot-starter-tomcat-2.0.2.RELEASE.jar;E:\springboot\repo\org\apache\tomcat\embed\tomcat-embed-core\8.5.31\tomcat-embed-core-8.5.31.jar;E:\springboot\repo\org\apache\tomcat\embed\tomcat-embed-el\8.5.31\tomcat-embed-el-8.5.31.jar;E:\springboot\repo\org\apache\tomcat\embed\tomcat-embed-websocket\8.5.31\tomcat-embed-websocket-8.5.31.jar;E:\springboot\repo\org\hibernate\validator\hibernate-validator\6.0.9.Final\hibernate-validator-6.0.9.Final.jar;E:\springboot\repo\javax\validation\validation-api\2.0.1.Final\validation-api-2.0.1.Final.jar;E:\springboot\repo\org\jboss\logging\jboss-logging\3.3.2.Final\jboss-logging-3.3.2.Final.jar;E:\springboot\repo\com\fasterxml\classmate\1.3.4\classmate-1.3.4.jar;E:\springboot\repo\org\springframework\spring-web\5.0.6.RELEASE\spring-web-5.0.6.RELEASE.jar;E:\springboot\repo\org\springframework\spring-beans\5.0.6.RELEASE\spring-beans-5.0.6.RELEASE.jar;E:\springboot\repo\org\springframework\spring-webmvc\5.0.6.RELEASE\spring-webmvc-5.0.6.RELEASE.jar;E:\springboot\repo\org\springframework\spring-aop\5.0.6.RELEASE\spring-aop-5.0.6.RELEASE.jar;E:\springboot\repo\org\springframework\spring-context\5.0.6.RELEASE\spring-context-5.0.6.RELEASE.jar;E:\springboot\repo\org\springframework\spring-expression\5.0.6.RELEASE\spring-expression-5.0.6.RELEASE.jar;E:\springboot\repo\org\springframework\boot\spring-boot-starter-test\2.0.2.RELEASE\spring-boot-starter-test-2.0.2.RELEASE.jar;E:\springboot\repo\org\springframework\boot\spring-boot-test\2.0.2.RELEASE\spring-boot-test-2.0.2.RELEASE.jar;E:\springboot\repo\org\springframework\boot\spring-boot-test-autoconfigure\2.0.2.RELEASE\spring-boot-test-autoconfigure-2.0.2.RELEASE.jar;E:\springboot\repo\com\jayway\jsonpath\json-path\2.4.0\json-path-2.4.0.jar;E:\springboot\repo\net\minidev\json-smart\2.3\json-smart-2.3.jar;E:\springboot\repo\net\minidev\accessors-smart\1.2\accessors-smart-1.2.jar;E:\springboot\repo\org\ow2\asm\asm\5.0.4\asm-5.0.4.jar;E:\springboot\repo\org\slf4j\slf4j-api\1.7.25\slf4j-api-1.7.25.jar;E:\springboot\repo\junit\junit\4.12\junit-4.12.jar;E:\springboot\repo\org\assertj\assertj-core\3.9.1\assertj-core-3.9.1.jar;E:\springboot\repo\org\mockito\mockito-core\2.15.0\mockito-core-2.15.0.jar;E:\springboot\repo\net\bytebuddy\byte-buddy\1.7.11\byte-buddy-1.7.11.jar;E:\springboot\repo\net\bytebuddy\byte-buddy-agent\1.7.11\byte-buddy-agent-1.7.11.jar;E:\springboot\repo\org\objenesis\objenesis\2.6\objenesis-2.6.jar;E:\springboot\repo\org\hamcrest\hamcrest-core\1.3\hamcrest-core-1.3.jar;E:\springboot\repo\org\hamcrest\hamcrest-library\1.3\hamcrest-library-1.3.jar;E:\springboot\repo\org\skyscreamer\jsonassert\1.5.0\jsonassert-1.5.0.jar;E:\springboot\repo\com\vaadin\external\google\android-json\0.0.20131108.vaadin1\android-json-0.0.20131108.vaadin1.jar;E:\springboot\repo\org\springframework\spring-core\5.0.6.RELEASE\spring-core-5.0.6.RELEASE.jar;E:\springboot\repo\org\springframework\spring-jcl\5.0.6.RELEASE\spring-jcl-5.0.6.RELEASE.jar;E:\springboot\repo\org\springframework\spring-test\5.0.6.RELEASE\spring-test-5.0.6.RELEASE.jar;E:\springboot\repo\org\xmlunit\xmlunit-core\2.5.1\xmlunit-core-2.5.1.jar;"/>
    <property name="sun.cpu.endian" value="little"/>
    <property name="user.home" value="C:\Users\Administrator"/>
    <property name="user.language" value="zh"/>
    <property name="java.specification.vendor" value="Oracle Corporation"/>
    <property name="java.home" value="D:\developtools\jdk1.8.0_102\jre"/>
    <property name="basedir" value="E:\springboot\spring-boot-config-01"/>
    <property name="file.separator" value="\"/>
    <property name="line.separator" value="&#10;"/>
    <property name="java.vm.specification.vendor" value="Oracle Corporation"/>
    <property name="java.specification.name" value="Java Platform API Specification"/>
    <property name="java.awt.graphicsenv" value="sun.awt.Win32GraphicsEnvironment"/>
    <property name="surefire.real.class.path" value="C:\Users\ADMINI~1\AppData\Local\Temp\surefire4696148545840574933\surefirebooter5549933453267553727.jar"/>
    <property name="sun.boot.class.path" value="D:\developtools\jdk1.8.0_102\jre\lib\resources.jar;D:\developtools\jdk1.8.0_102\jre\lib\rt.jar;D:\developtools\jdk1.8.0_102\jre\lib\sunrsasign.jar;D:\developtools\jdk1.8.0_102\jre\lib\jsse.jar;D:\developtools\jdk1.8.0_102\jre\lib\jce.jar;D:\developtools\jdk1.8.0_102\jre\lib\charsets.jar;D:\developtools\jdk1.8.0_102\jre\lib\jfr.jar;D:\developtools\jdk1.8.0_102\jre\classes"/>
    <property name="user.script" value=""/>
    <property name="sun.management.compiler" value="HotSpot 64-Bit Tiered Compilers"/>
    <property name="java.runtime.version" value="1.8.0_102-b14"/>
    <property name="user.name" value="Administrator"/>
    <property name="path.separator" value=";"/>
    <property name="os.version" value="6.1"/>
    <property name="java.endorsed.dirs" value="D:\developtools\jdk1.8.0_102\jre\lib\endorsed"/>
    <property name="java.runtime.name" value="Java(TM) SE Runtime Environment"/>
    <property name="file.encoding" value="GBK"/>
    <property name="java.vm.name" value="Java HotSpot(TM) 64-Bit Server VM"/>
    <property name="localRepository" value="E:\springboot\repo"/>
    <property name="java.vendor.url.bug" value="http://bugreport.sun.com/bugreport/"/>
    <property name="java.io.tmpdir" value="C:\Users\ADMINI~1\AppData\Local\Temp\"/>
    <property name="idea.version" value="2017.1.4"/>
    <property name="java.version" value="1.8.0_102"/>
    <property name="user.dir" value="E:\springboot\spring-boot-config-01"/>
    <property name="os.arch" value="amd64"/>
    <property name="java.vm.specification.name" value="Java Virtual Machine Specification"/>
    <property name="java.awt.printerjob" value="sun.awt.windows.WPrinterJob"/>
    <property name="sun.os.patch.level" value="Service Pack 1"/>
    <property name="java.library.path" value="D:\developtools\jdk1.8.0_102\jre\bin;C:\Windows\Sun\Java\bin;C:\Windows\system32;C:\Windows;D:\developtools\Python35\Scripts\;D:\developtools\Python35\;D:\developtools\Python27\;D:\developtools\Python27\Scripts;C:\ProgramData\Oracle\Java\javapath;C:\Windows\system32;C:\Windows;C:\Windows\System32\Wbem;C:\Windows\System32\WindowsPowerShell\v1.0\;D:\developtools\jdk1.8.0_102\bin;D:\developtools\jdk1.8.0_102\jre\bin;D:\developtools\Git\TortoiseGit\bin;C:\Program Files (x86)\NVIDIA Corporation\PhysX\Common;D:\developtools\mysql\bin;D:\developtools\gradle\gradle-3.5\bin;D:\developtools\nodejs\;D:\developtools\MongoDB\Server\3.2\bin;D:\developtools\go\bin;C:\Users\Administrator\AppData\Roaming\npm;D:\developtools\Microsoft VS Code\bin;."/>
    <property name="java.vm.info" value="mixed mode"/>
    <property name="java.vendor" value="Oracle Corporation"/>
    <property name="java.vm.version" value="25.102-b14"/>
    <property name="java.ext.dirs" value="D:\developtools\jdk1.8.0_102\jre\lib\ext;C:\Windows\Sun\Java\lib\ext"/>
    <property name="sun.io.unicode.encoding" value="UnicodeLittle"/>
    <property name="maven.repo.local" value="E:\springboot\repo"/>
    <property name="java.class.version" value="52.0"/>
  </properties>
  <testcase name="contextLoads" classname="com.yonyou.SpringBootConfig01ApplicationTests" time="0.142"/>
</testsuite>